[debug] [2022-01-26T14:47:08.964Z] ----------------------------------------------------------------------
[debug] [2022-01-26T14:47:08.966Z] Command:       C:\Program Files\nodejs\node.exe C:\Users\joses\AppData\Roaming\npm\node_modules\firebase-tools\lib\bin\firebase.js init
[debug] [2022-01-26T14:47:08.966Z] CLI Version:   10.1.2
[debug] [2022-01-26T14:47:08.966Z] Platform:      win32
[debug] [2022-01-26T14:47:08.966Z] Node Version:  v16.13.2
[debug] [2022-01-26T14:47:08.967Z] Time:          Wed Jan 26 2022 14:47:08 GMT+0000 (Western European Standard Time)
[debug] [2022-01-26T14:47:08.967Z] ----------------------------------------------------------------------
[debug] 
[debug] [2022-01-26T14:47:08.973Z] > command requires scopes: ["email","openid","https://www.googleapis.com/auth/cloudplatformprojects.readonly","https://www.googleapis.com/auth/firebase","https://www.googleapis.com/auth/cloud-platform"]
[debug] [2022-01-26T14:47:08.973Z] > authorizing via signed-in user (jose.sousalves@gmail.com)
[info] 
     ######## #### ########  ######## ########     ###     ######  ########
     ##        ##  ##     ## ##       ##     ##  ##   ##  ##       ##
     ######    ##  ########  ######   ########  #########  ######  ######
     ##        ##  ##    ##  ##       ##     ## ##     ##       ## ##
     ##       #### ##     ## ######## ########  ##     ##  ######  ########

You're about to initialize a Firebase project in this directory:

  C:\Users\joses\Documents\Coding\dev-challenges\responsive-web-404

[info] 
=== Project Setup
[info] 
[info] First, let's associate this project directory with a Firebase project.
[info] You can create multiple project aliases by running firebase use --add, 
[info] but for now we'll just set up a default project.
[info] 
[debug] [2022-01-26T14:47:27.617Z] >>> [apiv2][query] GET https://firebase.googleapis.com/v1beta1/projects pageSize=100
[debug] [2022-01-26T14:47:28.193Z] <<< [apiv2][status] GET https://firebase.googleapis.com/v1beta1/projects 200
[debug] [2022-01-26T14:47:28.194Z] <<< [apiv2][body] GET https://firebase.googleapis.com/v1beta1/projects [omitted]
[info] i  Using project test-20080 (test) 
[info] 
=== Hosting Setup
[info] 
[info] Your public directory is the folder (relative to your project directory) that
[info] will contain Hosting assets to be uploaded with firebase deploy. If you
[info] have a build process for your assets, use your build's output directory.
[info] 
[debug] [2022-01-26T14:48:11.851Z] >>> [apiv2][query] GET https://www.gstatic.com/firebasejs/releases.json [none]
[debug] [2022-01-26T14:48:11.958Z] <<< [apiv2][status] GET https://www.gstatic.com/firebasejs/releases.json 200
[debug] [2022-01-26T14:48:11.958Z] <<< [apiv2][body] GET https://www.gstatic.com/firebasejs/releases.json {"current":{"version":"9.6.4","browserURL":"https://www.gstatic.com/firebasejs/9.6.4/firebase.js","packageURL":"https://www.gstatic.com/firebasejs/9.6.4/firebase.tgz"},"live":{"version":"9.6","browserURL":"https://www.gstatic.com/firebasejs/live/9.6/firebase.js","packageURL":"https://www.gstatic.com/firebasejs/live/9.6/firebase.tgz"},"components":{"analytics":"https://www.gstatic.com/firebasejs/9.6.4/firebase-analytics.js","app":"https://www.gstatic.com/firebasejs/9.6.4/firebase-app.js","app-check":"https://www.gstatic.com/firebasejs/9.6.4/firebase-app-check.js","auth":"https://www.gstatic.com/firebasejs/9.6.4/firebase-auth.js","auth/cordova":"https://www.gstatic.com/firebasejs/9.6.4/firebase-auth/cordova.js","auth/react-native":"https://www.gstatic.com/firebasejs/9.6.4/firebase-auth/react-native.js","functions":"https://www.gstatic.com/firebasejs/9.6.4/firebase-functions.js","firestore":"https://www.gstatic.com/firebasejs/9.6.4/firebase-firestore.js","firestore/lite":"https://www.gstatic.com/firebasejs/9.6.4/firebase-firestore/lite.js","storage":"https://www.gstatic.com/firebasejs/9.6.4/firebase-storage.js","performance":"https://www.gstatic.com/firebasejs/9.6.4/firebase-performance.js","remote-config":"https://www.gstatic.com/firebasejs/9.6.4/firebase-remote-config.js","messaging":"https://www.gstatic.com/firebasejs/9.6.4/firebase-messaging.js","messaging/sw":"https://www.gstatic.com/firebasejs/9.6.4/firebase-messaging/sw.js","database":"https://www.gstatic.com/firebasejs/9.6.4/firebase-database.js","firestore.memory":"https://www.gstatic.com/firebasejs/9.6.4/firebase-firestore.memory.js"}}
[info] +  Wrote page404/index.html 
[info] 
[info] i  Detected a .git folder at C:\Users\joses\Documents\Coding\dev-challenges\responsive-web-404 
[info] i  Authorizing with GitHub to upload your service account to a GitHub repository's secrets store. 
[info] 
[info] Visit this URL on this device to log in:
[info] https://github.com/login/oauth/authorize?client_id=89cf50f02ac6aaed3484&state=1035926472&redirect_uri=http%3A%2F%2Flocalhost%3A9005&scope=read%3Auser%20repo%20public_repo
[info] 
[info] Waiting for authentication...
[debug] [2022-01-26T14:48:17.858Z] >>> HTTP REQUEST POST https://github.com/login/oauth/access_token  
 {"client_id":"89cf50f02ac6aaed3484","client_secret":"3330d14abc895d9a74d5f17cd7a00711fa2c5bf0","code":"4f94f29cd60b52cc9eab","redirect_uri":"http://localhost:9005","state":"1035926472"}
[debug] [2022-01-26T14:48:18.222Z] <<< HTTP RESPONSE 200 {"server":"GitHub.com","date":"Wed, 26 Jan 2022 14:48:18 GMT","content-type":"application/json; charset=utf-8","transfer-encoding":"chunked","vary":"X-PJAX, X-PJAX-Container, Accept-Encoding, Accept, X-Requested-With","permissions-policy":"interest-cohort=()","etag":"W/\"f2d4d85d8845d10e6ae090bc4b35769d\"","cache-control":"max-age=0, private, must-revalidate","strict-transport-security":"max-age=31536000; includeSubdomains; preload","x-frame-options":"deny","x-content-type-options":"nosniff","x-xss-protection":"0","referrer-policy":"origin-when-cross-origin, strict-origin-when-cross-origin","expect-ct":"max-age=2592000, report-uri=\"https://api.github.com/_private/browser/errors\"","content-security-policy":"default-src 'none'; base-uri 'self'; block-all-mixed-content; child-src github.com/assets-cdn/worker/ gist.github.com/assets-cdn/worker/; connect-src 'self' uploads.github.com objects-origin.githubusercontent.com www.githubstatus.com collector.githubapp.com api.github.com github-cloud.s3.amazonaws.com github-production-repository-file-5c1aeb.s3.amazonaws.com github-production-upload-manifest-file-7fdce7.s3.amazonaws.com github-production-user-asset-6210df.s3.amazonaws.com cdn.optimizely.com logx.optimizely.com/v1/events translator.github.com wss://alive.github.com; font-src github.githubassets.com; form-action 'self' github.com gist.github.com objects-origin.githubusercontent.com; frame-ancestors 'none'; frame-src render.githubusercontent.com viewscreen.githubusercontent.com notebooks.githubusercontent.com; img-src 'self' data: github.githubassets.com identicons.github.com collector.githubapp.com github-cloud.s3.amazonaws.com secured-user-images.githubusercontent.com/ *.githubusercontent.com; manifest-src 'self'; media-src github.com user-images.githubusercontent.com/; script-src github.githubassets.com; style-src 'unsafe-inline' github.githubassets.com; worker-src github.com/assets-cdn/worker/ gist.github.com/assets-cdn/worker/","x-github-request-id":"EDF8:117BC:114FC91:121D627:61F15F31"}
[debug] [2022-01-26T14:48:18.225Z] >>> [apiv2][query] GET https://api.github.com/user [none]
[debug] [2022-01-26T14:48:18.537Z] <<< [apiv2][status] GET https://api.github.com/user 200
[debug] [2022-01-26T14:48:18.537Z] <<< [apiv2][body] GET https://api.github.com/user {"login":"hitmaizer","id":58346965,"node_id":"MDQ6VXNlcjU4MzQ2OTY1","avatar_url":"https://avatars.githubusercontent.com/u/58346965?v=4","gravatar_id":"","url":"https://api.github.com/users/hitmaizer","html_url":"https://github.com/hitmaizer","followers_url":"https://api.github.com/users/hitmaizer/followers","following_url":"https://api.github.com/users/hitmaizer/following{/other_user}","gists_url":"https://api.github.com/users/hitmaizer/gists{/gist_id}","starred_url":"https://api.github.com/users/hitmaizer/starred{/owner}{/repo}","subscriptions_url":"https://api.github.com/users/hitmaizer/subscriptions","organizations_url":"https://api.github.com/users/hitmaizer/orgs","repos_url":"https://api.github.com/users/hitmaizer/repos","events_url":"https://api.github.com/users/hitmaizer/events{/privacy}","received_events_url":"https://api.github.com/users/hitmaizer/received_events","type":"User","site_admin":false,"name":"José Eduardo Alves","company":null,"blog":"","location":"Porto, Portugal","email":"jose.sousalves@gmail.com","hireable":null,"bio":null,"twitter_username":null,"public_repos":1,"public_gists":0,"followers":1,"following":1,"created_at":"2019-11-29T22:46:59Z","updated_at":"2022-01-16T21:45:24Z","private_gists":0,"total_private_repos":21,"owned_private_repos":21,"disk_usage":131693,"collaborators":0,"two_factor_authentication":false,"plan":{"name":"free","space":976562499,"collaborators":0,"private_repos":10000}}
[info] 
[info] +  Success! Logged into GitHub as hitmaizer 
[info] 
[debug] [2022-01-26T14:49:25.519Z] >>> [apiv2][query] GET https://api.github.com/repos/hitmaizer/https://github.com/hitmaizer/responsive-web-404.git/actions/secrets/public-key type=owner
[debug] [2022-01-26T14:49:25.784Z] <<< [apiv2][status] GET https://api.github.com/repos/hitmaizer/https://github.com/hitmaizer/responsive-web-404.git/actions/secrets/public-key 404
[debug] [2022-01-26T14:49:25.784Z] <<< [apiv2][body] GET https://api.github.com/repos/hitmaizer/https://github.com/hitmaizer/responsive-web-404.git/actions/secrets/public-key {"message":"Not Found","documentation_url":"https://docs.github.com/rest"}
[debug] [2022-01-26T14:49:28.755Z] >>> [apiv2][query] GET https://api.github.com/repos/hitmaizer/https://github.com/hitmaizer/responsive-web-404.git/actions/secrets/public-key type=owner
[debug] [2022-01-26T14:49:29.011Z] <<< [apiv2][status] GET https://api.github.com/repos/hitmaizer/https://github.com/hitmaizer/responsive-web-404.git/actions/secrets/public-key 404
[debug] [2022-01-26T14:49:29.012Z] <<< [apiv2][body] GET https://api.github.com/repos/hitmaizer/https://github.com/hitmaizer/responsive-web-404.git/actions/secrets/public-key {"message":"Not Found","documentation_url":"https://docs.github.com/rest"}
[debug] [2022-01-26T14:49:34.623Z] >>> [apiv2][query] GET https://api.github.com/repos/hitmaizer/https://github.com/hitmaizer/responsive-web-404.git/actions/secrets/public-key type=owner
[debug] [2022-01-26T14:49:34.881Z] <<< [apiv2][status] GET https://api.github.com/repos/hitmaizer/https://github.com/hitmaizer/responsive-web-404.git/actions/secrets/public-key 404
[debug] [2022-01-26T14:49:34.881Z] <<< [apiv2][body] GET https://api.github.com/repos/hitmaizer/https://github.com/hitmaizer/responsive-web-404.git/actions/secrets/public-key {"message":"Not Found","documentation_url":"https://docs.github.com/rest"}
[debug] [2022-01-26T14:49:47.346Z] >>> [apiv2][query] GET https://api.github.com/repos/hitmaizer/responsive-web-404.git/actions/secrets/public-key type=owner
[debug] [2022-01-26T14:49:47.609Z] <<< [apiv2][status] GET https://api.github.com/repos/hitmaizer/responsive-web-404.git/actions/secrets/public-key 404
[debug] [2022-01-26T14:49:47.609Z] <<< [apiv2][body] GET https://api.github.com/repos/hitmaizer/responsive-web-404.git/actions/secrets/public-key {"message":"Not Found","documentation_url":"https://docs.github.com/rest/reference/actions#get-a-repository-public-key"}
[debug] [2022-01-26T14:49:48.209Z] >>> [apiv2][query] GET https://api.github.com/repos/hitmaizer/responsive-web-404.git/actions/secrets/public-key type=owner
[debug] [2022-01-26T14:49:48.473Z] <<< [apiv2][status] GET https://api.github.com/repos/hitmaizer/responsive-web-404.git/actions/secrets/public-key 404
[debug] [2022-01-26T14:49:48.473Z] <<< [apiv2][body] GET https://api.github.com/repos/hitmaizer/responsive-web-404.git/actions/secrets/public-key {"message":"Not Found","documentation_url":"https://docs.github.com/rest/reference/actions#get-a-repository-public-key"}
[debug] [2022-01-26T14:49:48.845Z] >>> [apiv2][query] GET https://api.github.com/repos/hitmaizer/responsive-web-404.git/actions/secrets/public-key type=owner
[debug] [2022-01-26T14:49:49.114Z] <<< [apiv2][status] GET https://api.github.com/repos/hitmaizer/responsive-web-404.git/actions/secrets/public-key 404
[debug] [2022-01-26T14:49:49.114Z] <<< [apiv2][body] GET https://api.github.com/repos/hitmaizer/responsive-web-404.git/actions/secrets/public-key {"message":"Not Found","documentation_url":"https://docs.github.com/rest/reference/actions#get-a-repository-public-key"}
[debug] [2022-01-26T14:49:49.131Z] >>> [apiv2][query] GET https://api.github.com/repos/hitmaizer/responsive-web-404.git/actions/secrets/public-key type=owner
[debug] [2022-01-26T14:49:49.492Z] >>> [apiv2][query] GET https://api.github.com/repos//actions/secrets/public-key type=owner
[debug] [2022-01-26T14:49:49.644Z] <<< [apiv2][status] GET https://api.github.com/repos/hitmaizer/responsive-web-404.git/actions/secrets/public-key 404
[debug] [2022-01-26T14:49:49.645Z] <<< [apiv2][body] GET https://api.github.com/repos/hitmaizer/responsive-web-404.git/actions/secrets/public-key {"message":"Not Found","documentation_url":"https://docs.github.com/rest/reference/actions#get-a-repository-public-key"}
[debug] [2022-01-26T14:49:49.740Z] <<< [apiv2][status] GET https://api.github.com/repos//actions/secrets/public-key 404
[debug] [2022-01-26T14:49:49.740Z] <<< [apiv2][body] GET https://api.github.com/repos//actions/secrets/public-key {"message":"Not Found","documentation_url":"https://docs.github.com/rest"}
[debug] [2022-01-26T14:49:50.182Z] >>> [apiv2][query] GET https://api.github.com/repos/hitmaizer/responsive-web-404.git/actions/secrets/public-key type=owner
[debug] [2022-01-26T14:49:50.437Z] <<< [apiv2][status] GET https://api.github.com/repos/hitmaizer/responsive-web-404.git/actions/secrets/public-key 404
[debug] [2022-01-26T14:49:50.437Z] <<< [apiv2][body] GET https://api.github.com/repos/hitmaizer/responsive-web-404.git/actions/secrets/public-key {"message":"Not Found","documentation_url":"https://docs.github.com/rest/reference/actions#get-a-repository-public-key"}
[debug] [2022-01-26T14:49:50.901Z] >>> [apiv2][query] GET https://api.github.com/repos/hitmaizer/responsive-web-404.git/actions/secrets/public-key type=owner
[debug] [2022-01-26T14:49:51.169Z] <<< [apiv2][status] GET https://api.github.com/repos/hitmaizer/responsive-web-404.git/actions/secrets/public-key 404
[debug] [2022-01-26T14:49:51.169Z] <<< [apiv2][body] GET https://api.github.com/repos/hitmaizer/responsive-web-404.git/actions/secrets/public-key {"message":"Not Found","documentation_url":"https://docs.github.com/rest/reference/actions#get-a-repository-public-key"}
[debug] [2022-01-26T14:49:51.406Z] >>> [apiv2][query] GET https://api.github.com/repos/hitmaizer/responsive-web-404.git/actions/secrets/public-key type=owner
[debug] [2022-01-26T14:49:51.438Z] >>> [apiv2][query] GET https://api.github.com/repos//actions/secrets/public-key type=owner
[debug] [2022-01-26T14:49:51.470Z] >>> [apiv2][query] GET https://api.github.com/repos//actions/secrets/public-key type=owner
[debug] [2022-01-26T14:49:51.502Z] >>> [apiv2][query] GET https://api.github.com/repos//actions/secrets/public-key type=owner
[debug] [2022-01-26T14:49:51.534Z] >>> [apiv2][query] GET https://api.github.com/repos//actions/secrets/public-key type=owner
[debug] [2022-01-26T14:49:51.678Z] <<< [apiv2][status] GET https://api.github.com/repos/hitmaizer/responsive-web-404.git/actions/secrets/public-key 404
[debug] [2022-01-26T14:49:51.678Z] <<< [apiv2][body] GET https://api.github.com/repos/hitmaizer/responsive-web-404.git/actions/secrets/public-key {"message":"Not Found","documentation_url":"https://docs.github.com/rest/reference/actions#get-a-repository-public-key"}
[debug] [2022-01-26T14:49:51.686Z] <<< [apiv2][status] GET https://api.github.com/repos//actions/secrets/public-key 404
[debug] [2022-01-26T14:49:51.686Z] <<< [apiv2][body] GET https://api.github.com/repos//actions/secrets/public-key {"message":"Not Found","documentation_url":"https://docs.github.com/rest"}
[debug] [2022-01-26T14:49:51.723Z] <<< [apiv2][status] GET https://api.github.com/repos//actions/secrets/public-key 404
[debug] [2022-01-26T14:49:51.723Z] <<< [apiv2][body] GET https://api.github.com/repos//actions/secrets/public-key {"message":"Not Found","documentation_url":"https://docs.github.com/rest"}
[debug] [2022-01-26T14:49:51.770Z] <<< [apiv2][status] GET https://api.github.com/repos//actions/secrets/public-key 404
[debug] [2022-01-26T14:49:51.770Z] <<< [apiv2][body] GET https://api.github.com/repos//actions/secrets/public-key {"message":"Not Found","documentation_url":"https://docs.github.com/rest"}
[debug] [2022-01-26T14:49:51.779Z] <<< [apiv2][status] GET https://api.github.com/repos//actions/secrets/public-key 404
[debug] [2022-01-26T14:49:51.779Z] <<< [apiv2][body] GET https://api.github.com/repos//actions/secrets/public-key {"message":"Not Found","documentation_url":"https://docs.github.com/rest"}
[debug] [2022-01-26T14:50:00.546Z] >>> [apiv2][query] GET https://api.github.com/repos//actions/secrets/public-key type=owner
[debug] [2022-01-26T14:50:00.806Z] <<< [apiv2][status] GET https://api.github.com/repos//actions/secrets/public-key 404
[debug] [2022-01-26T14:50:00.806Z] <<< [apiv2][body] GET https://api.github.com/repos//actions/secrets/public-key {"message":"Not Found","documentation_url":"https://docs.github.com/rest"}
[debug] [2022-01-26T14:50:08.045Z] >>> [apiv2][query] GET https://api.github.com/repos/a/actions/secrets/public-key type=owner
[debug] [2022-01-26T14:50:08.306Z] <<< [apiv2][status] GET https://api.github.com/repos/a/actions/secrets/public-key 404
[debug] [2022-01-26T14:50:08.306Z] <<< [apiv2][body] GET https://api.github.com/repos/a/actions/secrets/public-key {"message":"Not Found","documentation_url":"https://docs.github.com/rest"}
[debug] [2022-01-26T14:54:05.929Z] ----------------------------------------------------------------------
[debug] [2022-01-26T14:54:05.930Z] Command:       C:\Program Files\nodejs\node.exe C:\Users\joses\AppData\Roaming\npm\node_modules\firebase-tools\lib\bin\firebase.js init
[debug] [2022-01-26T14:54:05.931Z] CLI Version:   10.1.2
[debug] [2022-01-26T14:54:05.931Z] Platform:      win32
[debug] [2022-01-26T14:54:05.931Z] Node Version:  v16.13.2
[debug] [2022-01-26T14:54:05.931Z] Time:          Wed Jan 26 2022 14:54:05 GMT+0000 (Western European Standard Time)
[debug] [2022-01-26T14:54:05.931Z] ----------------------------------------------------------------------
[debug] 
[debug] [2022-01-26T14:54:05.937Z] > command requires scopes: ["email","openid","https://www.googleapis.com/auth/cloudplatformprojects.readonly","https://www.googleapis.com/auth/firebase","https://www.googleapis.com/auth/cloud-platform"]
[debug] [2022-01-26T14:54:05.938Z] > authorizing via signed-in user (jose.sousalves@gmail.com)
[info] 
     ######## #### ########  ######## ########     ###     ######  ########
     ##        ##  ##     ## ##       ##     ##  ##   ##  ##       ##
     ######    ##  ########  ######   ########  #########  ######  ######
     ##        ##  ##    ##  ##       ##     ## ##     ##       ## ##
     ##       #### ##     ## ######## ########  ##     ##  ######  ########

You're about to initialize a Firebase project in this directory:

  C:\Users\joses\Documents\Coding\dev-challenges\responsive-web-404

[info] 
=== Project Setup
[info] 
[info] First, let's associate this project directory with a Firebase project.
[info] You can create multiple project aliases by running firebase use --add, 
[info] but for now we'll just set up a default project.
[info] 
[info] i  If you want to create a project in a Google Cloud organization or folder, please use "firebase projects:create" instead, and return to this command when you've created the project. 
[debug] [2022-01-26T14:54:54.843Z] > refreshing access token with scopes: ["email","https://www.googleapis.com/auth/cloud-platform","https://www.googleapis.com/auth/cloudplatformprojects.readonly","https://www.googleapis.com/auth/firebase","openid"]
[debug] [2022-01-26T14:54:54.844Z] >>> HTTP REQUEST POST https://www.googleapis.com/oauth2/v3/token  
 <request body omitted>
[debug] [2022-01-26T14:54:54.990Z] <<< HTTP RESPONSE 200 {"cache-control":"no-cache, no-store, max-age=0, must-revalidate","date":"Wed, 26 Jan 2022 14:54:55 GMT","expires":"Mon, 01 Jan 1990 00:00:00 GMT","pragma":"no-cache","content-type":"application/json; charset=utf-8","vary":"X-Origin, Referer, Origin,Accept-Encoding","server":"scaffolding on HTTPServer2","x-xss-protection":"0","x-frame-options":"SAMEORIGIN","x-content-type-options":"nosniff","alt-svc":"h3=\":443\"; ma=2592000,h3-29=\":443\"; ma=2592000,h3-Q050=\":443\"; ma=2592000,h3-Q046=\":443\"; ma=2592000,h3-Q043=\":443\"; ma=2592000,quic=\":443\"; ma=2592000; v=\"46,43\"","accept-ranges":"none","transfer-encoding":"chunked"}
[debug] [2022-01-26T14:54:54.998Z] >>> HTTP REQUEST POST https://cloudresourcemanager.googleapis.com/v1/projects  
 {"projectId":"page-404","name":"page-404"}
[debug] [2022-01-26T14:54:55.312Z] <<< HTTP RESPONSE 409 {"vary":"X-Origin, Referer, Origin,Accept-Encoding","content-type":"application/json; charset=UTF-8","date":"Wed, 26 Jan 2022 14:54:55 GMT","server":"ESF","cache-control":"private","x-xss-protection":"0","x-frame-options":"SAMEORIGIN","x-content-type-options":"nosniff","server-timing":"gfet4t7; dur=204","alt-svc":"h3=\":443\"; ma=2592000,h3-29=\":443\"; ma=2592000,h3-Q050=\":443\"; ma=2592000,h3-Q046=\":443\"; ma=2592000,h3-Q043=\":443\"; ma=2592000,quic=\":443\"; ma=2592000; v=\"46,43\"","accept-ranges":"none","transfer-encoding":"chunked"}
[debug] [2022-01-26T14:54:55.312Z] <<< HTTP RESPONSE BODY {"error":{"code":409,"message":"Requested entity already exists","status":"ALREADY_EXISTS"}}
[debug] [2022-01-26T14:54:55.418Z] FirebaseError: HTTP Error: 409, Requested entity already exists
    at module.exports (C:\Users\joses\AppData\Roaming\npm\node_modules\firebase-tools\lib\responseToError.js:38:12)
    at Request._callback (C:\Users\joses\AppData\Roaming\npm\node_modules\firebase-tools\lib\api.js:41:35)
    at Request.self.callback (C:\Users\joses\AppData\Roaming\npm\node_modules\firebase-tools\node_modules\request\request.js:185:22)
    at Request.emit (node:events:390:28)
    at Request.emit (node:domain:475:12)
    at Request.<anonymous> (C:\Users\joses\AppData\Roaming\npm\node_modules\firebase-tools\node_modules\request\request.js:1161:10)
    at Request.emit (node:events:390:28)
    at Request.emit (node:domain:475:12)
    at IncomingMessage.<anonymous> (C:\Users\joses\AppData\Roaming\npm\node_modules\firebase-tools\node_modules\request\request.js:1083:12)
    at Object.onceWrapper (node:events:509:28)
    at IncomingMessage.emit (node:events:402:35)
    at IncomingMessage.emit (node:domain:475:12)
    at endReadableNT (node:internal/streams/readable:1343:12)
    at processTicksAndRejections (node:internal/process/task_queues:83:21)
[error] 
[error] Error: Failed to create project because there is already a project with ID page-404. Please try again with a unique project ID.
